Determining if the pthread_create exist failed with the following output:
Change Dir: /home/yanfa-1/info/git/test/linux_project/normal/build/CMakeFiles/CMakeTmp

Run Build Command:"/usr/bin/make" "cmTC_67230/fast"
/usr/bin/make -f CMakeFiles/cmTC_67230.dir/build.make CMakeFiles/cmTC_67230.dir/build
make[1]: 进入目录“/home/yanfa-1/info/git/test/linux_project/normal/build/CMakeFiles/CMakeTmp”
Building C object CMakeFiles/cmTC_67230.dir/CheckSymbolExists.c.o
/usr/bin/cc    -o CMakeFiles/cmTC_67230.dir/CheckSymbolExists.c.o   -c /home/yanfa-1/info/git/test/linux_project/normal/build/CMakeFiles/CMakeTmp/CheckSymbolExists.c
Linking C executable cmTC_67230
/home/yanfa-1/bin/cmake -E cmake_link_script CMakeFiles/cmTC_67230.dir/link.txt --verbose=1
/usr/bin/cc      CMakeFiles/cmTC_67230.dir/CheckSymbolExists.c.o  -o cmTC_67230 
CMakeFiles/cmTC_67230.dir/CheckSymbolExists.c.o：在函数‘main’中：
CheckSymbolExists.c:(.text+0x1b)：对‘pthread_create’未定义的引用
collect2: error: ld returned 1 exit status
CMakeFiles/cmTC_67230.dir/build.make:86: recipe for target 'cmTC_67230' failed
make[1]: *** [cmTC_67230] Error 1
make[1]: 离开目录“/home/yanfa-1/info/git/test/linux_project/normal/build/CMakeFiles/CMakeTmp”
Makefile:121: recipe for target 'cmTC_67230/fast' failed
make: *** [cmTC_67230/fast] Error 2

File /home/yanfa-1/info/git/test/linux_project/normal/build/CMakeFiles/CMakeTmp/CheckSymbolExists.c:
/* */
#include <pthread.h>

int main(int argc, char** argv)
{
  (void)argv;
#ifndef pthread_create
  return ((int*)(&pthread_create))[argc];
#else
  (void)argc;
  return 0;
#endif
}

Determining if the function pthread_create exists in the pthreads failed with the following output:
Change Dir: /home/yanfa-1/info/git/test/linux_project/normal/build/CMakeFiles/CMakeTmp

Run Build Command:"/usr/bin/make" "cmTC_e4e91/fast"
/usr/bin/make -f CMakeFiles/cmTC_e4e91.dir/build.make CMakeFiles/cmTC_e4e91.dir/build
make[1]: 进入目录“/home/yanfa-1/info/git/test/linux_project/normal/build/CMakeFiles/CMakeTmp”
Building C object CMakeFiles/cmTC_e4e91.dir/CheckFunctionExists.c.o
/usr/bin/cc   -DCHECK_FUNCTION_EXISTS=pthread_create   -o CMakeFiles/cmTC_e4e91.dir/CheckFunctionExists.c.o   -c /home/yanfa-1/share/cmake-3.13/Modules/CheckFunctionExists.c
Linking C executable cmTC_e4e91
/home/yanfa-1/bin/cmake -E cmake_link_script CMakeFiles/cmTC_e4e91.dir/link.txt --verbose=1
/usr/bin/cc  -DCHECK_FUNCTION_EXISTS=pthread_create    CMakeFiles/cmTC_e4e91.dir/CheckFunctionExists.c.o  -o cmTC_e4e91 -lpthreads 
/usr/bin/ld: 找不到 -lpthreads
collect2: error: ld returned 1 exit status
CMakeFiles/cmTC_e4e91.dir/build.make:86: recipe for target 'cmTC_e4e91' failed
make[1]: *** [cmTC_e4e91] Error 1
make[1]: 离开目录“/home/yanfa-1/info/git/test/linux_project/normal/build/CMakeFiles/CMakeTmp”
Makefile:121: recipe for target 'cmTC_e4e91/fast' failed
make: *** [cmTC_e4e91/fast] Error 2


